<?xml version="1.0" encoding="UTF-8" ?>
<testsuites>
  <testsuite errors="0" failures="1" hostname="surbhi-TravelMate-P257-M" id="0" name="DocumentResourceSpec" package="com.link.sharing.core" skipped="0" tests="1" time="0.15" timestamp="2016-04-02T16:58:38">
      <properties />

      <testcase classname="com.link.sharing.core.DocumentResourceSpec" name="testing document resource class" time="0.14">
          <failure message="Condition not satisfied:&#xa;&#xa;result == expectedOutput&#xa;|      |  |&#xa;false  |  true&#xa;       false&#xa;" type="junit.framework.AssertionFailedError">junit.framework.AssertionFailedError: Condition not satisfied:

result == expectedOutput
|      |  |
false  |  true
       false

	at com.link.sharing.core.DocumentResourceSpec.testing document resource class(DocumentResourceSpec.groovy:27)
</failure>

      </testcase>

      <system-out><![CDATA[--Output from testing document resource class--
]]></system-out>

      <system-err><![CDATA[--Output from testing document resource class--
]]></system-err>

  </testsuite>
  <testsuite errors="0" failures="0" hostname="surbhi-TravelMate-P257-M" id="1" name="LinkResourceSpec" package="com.link.sharing.core" skipped="0" tests="1" time="0.13" timestamp="2016-04-02T16:58:38">
      <properties />

      <testcase classname="com.link.sharing.core.LinkResourceSpec" name="testing link resource file" time="0.12" />

      <system-out><![CDATA[--Output from testing link resource file--
]]></system-out>

      <system-err><![CDATA[--Output from testing link resource file--
]]></system-err>

  </testsuite>
  <testsuite errors="0" failures="0" hostname="surbhi-TravelMate-P257-M" id="2" name="ReadingItemSpec" package="com.link.sharing.core" skipped="0" tests="1" time="0.146" timestamp="2016-04-02T16:58:38">
      <properties />

      <testcase classname="com.link.sharing.core.ReadingItemSpec" name="testing reading item class" time="0.138" />

      <system-out><![CDATA[--Output from testing reading item class--
]]></system-out>

      <system-err><![CDATA[--Output from testing reading item class--
]]></system-err>

  </testsuite>
  <testsuite errors="0" failures="0" hostname="surbhi-TravelMate-P257-M" id="3" name="ResourceRatingSpec" package="com.link.sharing.core" skipped="0" tests="1" time="0.21" timestamp="2016-04-02T16:58:37">
      <properties />

      <testcase classname="com.link.sharing.core.ResourceRatingSpec" name="testing resource rating" time="0.204" />

      <system-out><![CDATA[--Output from testing resource rating--
]]></system-out>

      <system-err><![CDATA[--Output from testing resource rating--
]]></system-err>

  </testsuite>
  <testsuite errors="0" failures="0" hostname="surbhi-TravelMate-P257-M" id="4" name="SubscriptionSpec" package="com.link.sharing.core" skipped="0" tests="1" time="0.085" timestamp="2016-04-02T16:58:37">
      <properties />

      <testcase classname="com.link.sharing.core.SubscriptionSpec" name="testing subscripton class" time="0.079" />

      <system-out><![CDATA[--Output from testing subscripton class--
]]></system-out>

      <system-err><![CDATA[--Output from testing subscripton class--
]]></system-err>

  </testsuite>
  <testsuite errors="0" failures="1" hostname="surbhi-TravelMate-P257-M" id="5" name="TopicSpec" package="com.link.sharing.core" skipped="0" tests="1" time="0.128" timestamp="2016-04-02T16:58:38">
      <properties />

      <testcase classname="com.link.sharing.core.TopicSpec" name="testing topic" time="0.118">
          <failure message="Condition not satisfied:&#xa;&#xa;result == expectedOutput&#xa;|      |  |&#xa;true   |  false&#xa;       false&#xa;" type="junit.framework.AssertionFailedError">junit.framework.AssertionFailedError: Condition not satisfied:

result == expectedOutput
|      |  |
true   |  false
       false

	at com.link.sharing.core.TopicSpec.testing topic(TopicSpec.groovy:29)
</failure>

          <failure message="Condition not satisfied:&#xa;&#xa;result == expectedOutput&#xa;|      |  |&#xa;true   |  false&#xa;       false&#xa;" type="junit.framework.AssertionFailedError">junit.framework.AssertionFailedError: Condition not satisfied:

result == expectedOutput
|      |  |
true   |  false
       false

	at com.link.sharing.core.TopicSpec.testing topic(TopicSpec.groovy:29)
</failure>

      </testcase>

      <system-out><![CDATA[--Output from testing topic--
]]></system-out>

      <system-err><![CDATA[--Output from testing topic--
]]></system-err>

  </testsuite>
  <testsuite errors="0" failures="2" hostname="surbhi-TravelMate-P257-M" id="6" name="UserSpec" package="com.link.sharing.core" skipped="0" tests="7" time="0.23" timestamp="2016-04-02T16:58:37">
      <properties />

      <testcase classname="com.link.sharing.core.UserSpec" name="passed" time="0.063">
          <failure message="Condition not satisfied:&#xa;&#xa;result == expectedOutput&#xa;|      |  |&#xa;false  |  true&#xa;       false&#xa;" type="junit.framework.AssertionFailedError">junit.framework.AssertionFailedError: Condition not satisfied:

result == expectedOutput
|      |  |
false  |  true
       false

	at com.link.sharing.core.UserSpec.testing user spec(UserSpec.groovy:30)
</failure>

      </testcase>

      <testcase classname="com.link.sharing.core.UserSpec" name="failed" time="0.016" />

      <testcase classname="com.link.sharing.core.UserSpec" name="failed" time="0.02" />

      <testcase classname="com.link.sharing.core.UserSpec" name="failed" time="0.017" />

      <testcase classname="com.link.sharing.core.UserSpec" name="failed" time="0.022" />

      <testcase classname="com.link.sharing.core.UserSpec" name="email id of user should be unique" time="0.04">
          <failure message="Condition not satisfied:&#xa;&#xa;user.count() == 1&#xa;|    |       |&#xa;|    0       false&#xa;com.link.sharing.core.User : (unsaved)&#xa;" type="junit.framework.AssertionFailedError">junit.framework.AssertionFailedError: Condition not satisfied:

user.count() == 1
|    |       |
|    0       false
com.link.sharing.core.User : (unsaved)

	at com.link.sharing.core.UserSpec.email id of user should be unique(UserSpec.groovy:52)
</failure>

      </testcase>

      <testcase classname="com.link.sharing.core.UserSpec" name="test name property that is transient" time="0.04" />

      <system-out><![CDATA[--Output from passed--
--Output from failed--
--Output from failed--
--Output from failed--
--Output from failed--
--Output from email id of user should be unique--
--Output from test name property that is transient--
]]></system-out>

      <system-err><![CDATA[--Output from passed--
--Output from failed--
--Output from failed--
--Output from failed--
--Output from failed--
--Output from email id of user should be unique--
--Output from test name property that is transient--
]]></system-err>

  </testsuite>
  <testsuite errors="1" failures="0" hostname="surbhi-TravelMate-P257-M" id="7" name="DocumentResourceControllerSpec" package="com.linksharing" skipped="0" tests="2" time="0.358" timestamp="2016-04-02T16:58:36">
      <properties />

      <testcase classname="com.linksharing.DocumentResourceControllerSpec" name="testing index action" time="0.278" />

      <testcase classname="com.linksharing.DocumentResourceControllerSpec" name="testing save action" time="0.057">
          <error message="No signature of method: com.linksharing.DocumentResourceController.save() is applicable for argument types: (java.lang.String, java.lang.String, java.lang.Integer) values: [/some/path, it&apos;s a file, 1]&#xa;Possible solutions: save(), save(), save(java.lang.Long, java.lang.String), save(com.link.sharing.core.DocumentResource), wait(), any()" type="groovy.lang.MissingMethodException">groovy.lang.MissingMethodException: No signature of method: com.linksharing.DocumentResourceController.save() is applicable for argument types: (java.lang.String, java.lang.String, java.lang.Integer) values: [/some/path, it&apos;s a file, 1]
Possible solutions: save(), save(), save(java.lang.Long, java.lang.String), save(com.link.sharing.core.DocumentResource), wait(), any()
	at com.linksharing.DocumentResourceControllerSpec.testing save action(DocumentResourceControllerSpec.groovy:37)
</error>

      </testcase>

      <system-out><![CDATA[--Output from testing index action--
--Output from testing save action--
]]></system-out>

      <system-err><![CDATA[--Output from testing index action--
--Output from testing save action--
]]></system-err>

  </testsuite>
  <testsuite errors="0" failures="0" hostname="surbhi-TravelMate-P257-M" id="8" name="LinkResourceControllerSpec" package="com.linksharing" skipped="0" tests="2" time="1.317" timestamp="2016-04-02T16:58:33">
      <properties />

      <testcase classname="com.linksharing.LinkResourceControllerSpec" name="testing index action" time="0.594" />

      <testcase classname="com.linksharing.LinkResourceControllerSpec" name="testing save action" time="0.689" />

      <system-out><![CDATA[--Output from testing index action--
--Output from testing save action--
]]></system-out>

      <system-err><![CDATA[--Output from testing index action--
--Output from testing save action--
]]></system-err>

  </testsuite>
  <testsuite errors="0" failures="0" hostname="surbhi-TravelMate-P257-M" id="9" name="LoginControllerSpec" package="com.linksharing" skipped="0" tests="6" time="0.295" timestamp="2016-04-02T16:58:37">
      <properties />

      <testcase classname="com.linksharing.LoginControllerSpec" name="when session is set, user is forwarded to user index" time="0.177" />

      <testcase classname="com.linksharing.LoginControllerSpec" name="testing logout action" time="0.021" />

      <testcase classname="com.linksharing.LoginControllerSpec" name="testing Login Action" time="0.029" />

      <testcase classname="com.linksharing.LoginControllerSpec" name="testing Login action when user is not active" time="0.022" />

      <testcase classname="com.linksharing.LoginControllerSpec" name="testing Login action when user is not found" time="0.014" />

      <testcase classname="com.linksharing.LoginControllerSpec" name="testing Logout action" time="0.02" />

      <system-out><![CDATA[--Output from when session is set, user is forwarded to user index--
--Output from testing logout action--
--Output from testing Login Action--
--Output from testing Login action when user is not active--
--Output from testing Login action when user is not found--
--Output from testing Logout action--
]]></system-out>

      <system-err><![CDATA[--Output from when session is set, user is forwarded to user index--
--Output from testing logout action--
--Output from testing Login Action--
--Output from testing Login action when user is not active--
--Output from testing Login action when user is not found--
--Output from testing Logout action--
]]></system-err>

  </testsuite>
  <testsuite errors="0" failures="0" hostname="surbhi-TravelMate-P257-M" id="10" name="ReadingItemControllerSpec" package="com.linksharing" skipped="0" tests="1" time="4.108" timestamp="2016-04-02T16:58:29">
      <properties />

      <testcase classname="com.linksharing.ReadingItemControllerSpec" name="testing index action" time="4.003" />

      <system-out><![CDATA[--Output from testing index action--
]]></system-out>

      <system-err><![CDATA[--Output from testing index action--
]]></system-err>

  </testsuite>
  <testsuite errors="1" failures="0" hostname="surbhi-TravelMate-P257-M" id="11" name="ResourceControllerSpec" package="com.linksharing" skipped="0" tests="1" time="0.316" timestamp="2016-04-02T16:58:35">
      <properties />

      <testcase classname="com.linksharing.ResourceControllerSpec" name="deleting resource-when resource is not there" time="0.29">
          <error message="Cannot invoke method canDeleteResource() on null object" type="java.lang.NullPointerException">java.lang.NullPointerException: Cannot invoke method canDeleteResource() on null object
	at com.linksharing.ResourceController.delete(ResourceController.groovy:27)
	at com.linksharing.ResourceControllerSpec.deleting resource-when resource is not there(ResourceControllerSpec.groovy:24)
</error>

      </testcase>

      <system-out><![CDATA[--Output from deleting resource-when resource is not there--
]]></system-out>

      <system-err><![CDATA[--Output from deleting resource-when resource is not there--
]]></system-err>

  </testsuite>
  <testsuite errors="1" failures="0" hostname="surbhi-TravelMate-P257-M" id="12" name="SubscriptionControllerSpec" package="com.linksharing" skipped="0" tests="1" time="0.643" timestamp="2016-04-02T16:58:34">
      <properties />

      <testcase classname="com.linksharing.SubscriptionControllerSpec" name="testing update action when subsription is not found" time="0.624">
          <error message="No signature of method: com.linksharing.SubscriptionController.update() is applicable for argument types: (java.lang.Long, java.lang.String) values: [1, VERY_SERIOUS]&#xa;Possible solutions: update(), update(java.lang.Integer, java.lang.String), delete(), save(), delete(java.lang.Long), save(java.lang.Long)" type="groovy.lang.MissingMethodException">groovy.lang.MissingMethodException: No signature of method: com.linksharing.SubscriptionController.update() is applicable for argument types: (java.lang.Long, java.lang.String) values: [1, VERY_SERIOUS]
Possible solutions: update(), update(java.lang.Integer, java.lang.String), delete(), save(), delete(java.lang.Long), save(java.lang.Long)
	at com.linksharing.SubscriptionControllerSpec.testing update action when subsription is not found(SubscriptionControllerSpec.groovy:25)
</error>

      </testcase>

      <system-out><![CDATA[--Output from testing update action when subsription is not found--
]]></system-out>

      <system-err><![CDATA[--Output from testing update action when subsription is not found--
]]></system-err>

  </testsuite>
  <testsuite errors="2" failures="1" hostname="surbhi-TravelMate-P257-M" id="13" name="TopicControllerSpec" package="com.linksharing" skipped="0" tests="4" time="0.43" timestamp="2016-04-02T16:58:36">
      <properties />

      <testcase classname="com.linksharing.TopicControllerSpec" name="testing show action if topic not found" time="0.282">
          <failure message="Condition not satisfied:&#xa;&#xa;flash.error == &quot;No topic in database&quot;&#xa;|     |     |&#xa;[:]   null  false&#xa;" type="junit.framework.AssertionFailedError">junit.framework.AssertionFailedError: Condition not satisfied:

flash.error == &quot;No topic in database&quot;
|     |     |
[:]   null  false

	at com.linksharing.TopicControllerSpec.testing show action if topic not found(TopicControllerSpec.groovy:45)
</failure>

      </testcase>

      <testcase classname="com.linksharing.TopicControllerSpec" name="testing show action of Topic" time="0.053">
          <error message="Method on class [com.link.sharing.core.Resource] was used outside of a Grails application. If running in the context of a test using the mocking API or bootstrap Grails correctly." type="java.lang.IllegalStateException">java.lang.IllegalStateException: Method on class [com.link.sharing.core.Resource] was used outside of a Grails application. If running in the context of a test using the mocking API or bootstrap Grails correctly.
	at com.link.sharing.core.Topic.getPost(Topic.groovy:105)
	at com.linksharing.TopicController.show(TopicController.groovy:32)
	at com.linksharing.TopicControllerSpec.testing show action of Topic(TopicControllerSpec.groovy:57)
</error>

      </testcase>

      <testcase classname="com.linksharing.TopicControllerSpec" name="topic show if visibility is private" time="0.032">
          <error message="Method on class [com.link.sharing.core.Resource] was used outside of a Grails application. If running in the context of a test using the mocking API or bootstrap Grails correctly." type="java.lang.IllegalStateException">java.lang.IllegalStateException: Method on class [com.link.sharing.core.Resource] was used outside of a Grails application. If running in the context of a test using the mocking API or bootstrap Grails correctly.
	at com.link.sharing.core.Topic.getPost(Topic.groovy:105)
	at com.linksharing.TopicController.show(TopicController.groovy:32)
	at com.linksharing.TopicControllerSpec.topic show if visibility is private(TopicControllerSpec.groovy:80)
</error>

      </testcase>

      <testcase classname="com.linksharing.TopicControllerSpec" name="testing save action" time="0.048" />

      <system-out><![CDATA[--Output from testing show action if topic not found--
--Output from testing show action of Topic--
--Output from topic show if visibility is private--
--Output from testing save action--
]]></system-out>

      <system-err><![CDATA[--Output from testing show action if topic not found--
--Output from testing show action of Topic--
--Output from topic show if visibility is private--
--Output from testing save action--
]]></system-err>

  </testsuite>
  <testsuite errors="0" failures="0" hostname="surbhi-TravelMate-P257-M" id="14" name="UserControllerSpec" package="com.linksharing" skipped="0" tests="3" time="0.663" timestamp="2016-04-02T16:58:35">
      <properties />

      <testcase classname="com.linksharing.UserControllerSpec" name="testing user controller index action" time="0.343" />

      <testcase classname="com.linksharing.UserControllerSpec" name="testing register action for new user" time="0.199" />

      <testcase classname="com.linksharing.UserControllerSpec" name="testing registration when user not saved successfully" time="0.092" />

      <system-out><![CDATA[--Output from testing user controller index action--
--Output from testing register action for new user--
--Output from testing registration when user not saved successfully--
]]></system-out>

      <system-err><![CDATA[--Output from testing user controller index action--
--Output from testing register action for new user--
--Output from testing registration when user not saved successfully--
]]></system-err>

  </testsuite>
</testsuites>
