<?xml version="1.0" encoding="UTF-8" ?>
<testsuites>
  <testsuite errors="0" failures="0" hostname="surbhi-TravelMate-P257-M" id="0" name="UserControllerSpec" package="com.linksharing" skipped="0" tests="1" time="3.824" timestamp="2016-03-22T07:59:34">
      <properties />

      <testcase classname="com.linksharing.UserControllerSpec" name="testing registration when user not saved successfully" time="3.756" />

      <system-out><![CDATA[--Output from testing registration when user not saved successfully--
]]></system-out>

      <system-err><![CDATA[--Output from testing registration when user not saved successfully--
]]></system-err>

  </testsuite>
</testsuites>
