<?xml version="1.0" encoding="UTF-8" ?>
<testsuites>
  <testsuite errors="1" failures="0" hostname="surbhi-TravelMate-P257-M" id="0" name="LoginControllerSpec" package="com.linksharing" skipped="0" tests="1" time="6.817" timestamp="2016-02-27T10:22:29">
      <properties />

      <testcase classname="com.linksharing.LoginControllerSpec" name="testing Login Handler function" time="6.655">
          <error message="No signature of method: com.linksharing.LoginController.loginHandler() is applicable for argument types: (java.lang.String, java.lang.String) values: [surbhi, abcdefhgh]" type="groovy.lang.MissingMethodException">groovy.lang.MissingMethodException: No signature of method: com.linksharing.LoginController.loginHandler() is applicable for argument types: (java.lang.String, java.lang.String) values: [surbhi, abcdefhgh]
	at org.codehaus.groovy.grails.plugins.web.api.ControllerTagLibraryApi.methodMissing(ControllerTagLibraryApi.java:97)
	at org.springsource.loaded.ri.ReflectiveInterceptor.jlrMethodInvoke(ReflectiveInterceptor.java:1426)
	at com.linksharing.LoginControllerSpec.testing Login Handler function(LoginControllerSpec.groovy:54)
</error>

      </testcase>

      <system-out><![CDATA[--Output from testing Login Handler function--
]]></system-out>

      <system-err><![CDATA[--Output from testing Login Handler function--
]]></system-err>

  </testsuite>
</testsuites>
