<?xml version="1.0" encoding="UTF-8" ?>
<testsuites>
  <testsuite errors="0" failures="0" hostname="surbhi-TravelMate-P257-M" id="0" name="LoginControllerSpec" package="com.linksharing" skipped="0" tests="1" time="3.102" timestamp="2016-02-20T11:02:29">
      <properties />

      <testcase classname="com.linksharing.LoginControllerSpec" name="testing logout action" time="3.032" />

      <system-out><![CDATA[--Output from testing logout action--
]]></system-out>

      <system-err><![CDATA[--Output from testing logout action--
]]></system-err>

  </testsuite>
</testsuites>
